<?xml version="1.0" encoding="UTF-8"?>
<!-- Generated by org.testng.reporters.JUnitXMLReporter -->
<testsuite ignored="0" hostname="Asels-MacBook-Pro.local" failures="0" tests="5" name="Surefire test" time="1.715" errors="0" timestamp="04 Jun 2021 00:23:17 GMT">
  <testcase classname="testCases.VideoGameApiTest" name="test_getAllVideoGames" time="1.074"/>
  <testcase classname="testCases.VideoGameApiTest" name="test_addNewVideoGame" time="0.305"/>
  <testcase classname="testCases.VideoGameApiTest" name="test_getVideoGame" time="0.264"/>
  <testcase classname="testCases.VideoGameApiTest" name="test_UpdateVideoGame" time="0.038"/>
  <testcase classname="testCases.VideoGameApiTest" name="test_DeleteVideoGame" time="0.014"/>
</testsuite> <!-- Surefire test -->
