<?xml version="1.0" encoding="UTF-8"?>
<testng-results ignored="0" total="5" passed="5" failed="0" skipped="0">
  <reporter-output>
  </reporter-output>
  <suite started-at="2021-06-04T00:23:15Z" name="Surefire suite" finished-at="2021-06-04T00:23:17Z" duration-ms="1715">
    <groups>
    </groups>
    <test started-at="2021-06-04T00:23:15Z" name="Surefire test" finished-at="2021-06-04T00:23:17Z" duration-ms="1715">
      <class name="testCases.VideoGameApiTest">
        <test-method signature="test_getAllVideoGames()[pri:1, instance:testCases.VideoGameApiTest@75f32542]" started-at="2021-06-04T00:23:15Z" name="test_getAllVideoGames" finished-at="2021-06-04T00:23:16Z" duration-ms="1074" status="PASS">
          <reporter-output>
          </reporter-output>
        </test-method> <!-- test_getAllVideoGames -->
        <test-method signature="test_addNewVideoGame()[pri:2, instance:testCases.VideoGameApiTest@75f32542]" started-at="2021-06-04T00:23:16Z" name="test_addNewVideoGame" finished-at="2021-06-04T00:23:17Z" duration-ms="305" status="PASS">
          <reporter-output>
          </reporter-output>
        </test-method> <!-- test_addNewVideoGame -->
        <test-method signature="test_getVideoGame()[pri:3, instance:testCases.VideoGameApiTest@75f32542]" started-at="2021-06-04T00:23:17Z" name="test_getVideoGame" finished-at="2021-06-04T00:23:17Z" duration-ms="264" status="PASS">
          <reporter-output>
          </reporter-output>
        </test-method> <!-- test_getVideoGame -->
        <test-method signature="test_UpdateVideoGame()[pri:4, instance:testCases.VideoGameApiTest@75f32542]" started-at="2021-06-04T00:23:17Z" name="test_UpdateVideoGame" finished-at="2021-06-04T00:23:17Z" duration-ms="38" status="PASS">
          <reporter-output>
          </reporter-output>
        </test-method> <!-- test_UpdateVideoGame -->
        <test-method signature="test_DeleteVideoGame()[pri:5, instance:testCases.VideoGameApiTest@75f32542]" started-at="2021-06-04T00:23:17Z" name="test_DeleteVideoGame" finished-at="2021-06-04T00:23:17Z" duration-ms="14" status="PASS">
          <reporter-output>
          </reporter-output>
        </test-method> <!-- test_DeleteVideoGame -->
      </class> <!-- testCases.VideoGameApiTest -->
    </test> <!-- Surefire test -->
  </suite> <!-- Surefire suite -->
</testng-results>
